<?xml version="1.0" encoding="UTF-8"?>
<!-- Generated by org.testng.reporters.JUnitXMLReporter -->
<testsuite ignored="0" hostname="DESKTOP-M0HAIBI" failures="0" tests="2" name="Submit order test" time="14.92" errors="0" timestamp="2024-08-15T14:24:24 IST">
  <testcase classname="rahulshettyacademy.tests.SubmitOrderTest" name="submitOrder" time="4.105"/>
  <testcase classname="rahulshettyacademy.tests.SubmitOrderTest" name="OrderHistoryTest" time="1.68"/>
</testsuite> <!-- Submit order test -->
